<?xml version="1.0" encoding="UTF-8"?>
<!-- Generated by org.testng.reporters.JUnitReportReporter -->
<testsuite hostname="hp-pc" failures="0" tests="1" name="com.comcast.CRUDPractice.CreateProjectUsingPOJO" time="12.569" errors="0" timestamp="2021-05-26T12:22:12 IST" skipped="0">
  <testcase classname="com.comcast.CRUDPractice.CreateProjectUsingPOJO" name="createProjectusingPOJOTest" time="12.569"/>
  <system-out/>
</testsuite> <!-- com.comcast.CRUDPractice.CreateProjectUsingPOJO -->
