<?xml version="1.0" encoding="UTF-8"?>
<!-- Generated by org.testng.reporters.JUnitReportReporter -->
<testsuite hostname="hp-pc" failures="0" tests="5" name="com.comcast.RMGYTests.CreateMultipleProjectsUsingDataProvider" time="12.542" errors="0" timestamp="2021-05-26T12:40:10 IST" skipped="0">
  <testcase classname="com.comcast.RMGYTests.CreateMultipleProjectsUsingDataProvider" name="createMutltipleProjects" time="0.176"/>
  <system-out/>
  <testcase classname="com.comcast.RMGYTests.CreateMultipleProjectsUsingDataProvider" name="createMutltipleProjects" time="11.548"/>
  <system-out/>
  <testcase classname="com.comcast.RMGYTests.CreateMultipleProjectsUsingDataProvider" name="createMutltipleProjects" time="0.293"/>
  <system-out/>
  <testcase classname="com.comcast.RMGYTests.CreateMultipleProjectsUsingDataProvider" name="createMutltipleProjects" time="0.181"/>
  <system-out/>
  <testcase classname="com.comcast.RMGYTests.CreateMultipleProjectsUsingDataProvider" name="createMutltipleProjects" time="0.344"/>
  <system-out/>
</testsuite> <!-- com.comcast.RMGYTests.CreateMultipleProjectsUsingDataProvider -->
