<?xml version="1.0" encoding="UTF-8"?>
<!-- Generated by org.testng.reporters.JUnitReportReporter -->
<testsuite hostname="hp-pc" failures="0" tests="1" name="com.comcast.RMGYTests.Oath" time="7.660" errors="0" timestamp="2021-05-26T15:34:59 IST" skipped="0">
  <testcase classname="com.comcast.RMGYTests.Oath" name="oath" time="7.660"/>
  <system-out/>
</testsuite> <!-- com.comcast.RMGYTests.Oath -->
