<?xml version="1.0" encoding="UTF-8"?>
<!-- Generated by org.testng.reporters.JUnitReportReporter -->
<testsuite hostname="hp-pc" failures="0" tests="1" name="com.comcast.RMGYTests.ValidateComplexResponse" time="12.081" errors="0" timestamp="2021-05-27T11:13:48 IST" skipped="0">
  <testcase classname="com.comcast.RMGYTests.ValidateComplexResponse" name="validateComplexResponseProjectNameTest" time="12.081"/>
  <system-out/>
</testsuite> <!-- com.comcast.RMGYTests.ValidateComplexResponse -->
