<?xml version="1.0" encoding="UTF-8"?>
<!-- Generated by org.testng.reporters.JUnitReportReporter -->
<testsuite hostname="hp-pc" failures="0" tests="1" name="com.comcast.RMGYTests.CreateProjectWithPOJO" time="4.462" errors="0" timestamp="2021-05-25T21:57:40 IST" skipped="0">
  <testcase classname="com.comcast.RMGYTests.CreateProjectWithPOJO" name="createProjectWithPOJOTest" time="4.462"/>
  <system-out/>
</testsuite> <!-- com.comcast.RMGYTests.CreateProjectWithPOJO -->
