<?xml version="1.0" encoding="UTF-8"?>
<!-- Generated by org.testng.reporters.JUnitReportReporter -->
<testsuite hostname="hp-pc" failures="0" tests="1" name="com.comcast.CRUDPractice.CreateProject" time="11.225" errors="0" timestamp="2021-05-25T12:40:18 IST" skipped="0">
  <testcase classname="com.comcast.CRUDPractice.CreateProject" name="createProjectTest" time="11.225"/>
  <system-out/>
</testsuite> <!-- com.comcast.CRUDPractice.CreateProject -->
