<?xml version="1.0" encoding="UTF-8"?>
<!-- Generated by org.testng.reporters.JUnitReportReporter -->
<testsuite hostname="hp-pc" failures="0" tests="1" name="com.comcast.RMGYTests.CreateProjectWithJSONFile" time="3.694" errors="0" timestamp="2021-05-25T21:37:43 IST" skipped="0">
  <testcase classname="com.comcast.RMGYTests.CreateProjectWithJSONFile" name="createProjectWithJSONfILETest" time="3.694"/>
  <system-out/>
</testsuite> <!-- com.comcast.RMGYTests.CreateProjectWithJSONFile -->
