<?xml version="1.0" encoding="UTF-8"?>
<!-- Generated by org.testng.reporters.JUnitReportReporter -->
<testsuite hostname="hp-pc" failures="0" tests="1" name="com.comcast.CRUDPractice.UpdateProject" time="10.817" errors="0" timestamp="2021-05-25T13:04:49 IST" skipped="0">
  <testcase classname="com.comcast.CRUDPractice.UpdateProject" name="updateProjectTest" time="10.817"/>
  <system-out/>
</testsuite> <!-- com.comcast.CRUDPractice.UpdateProject -->
