<?xml version="1.0" encoding="UTF-8"?>
<!-- Generated by org.testng.reporters.JUnitReportReporter -->
<testsuite hostname="hp-pc" failures="0" tests="1" name="com.comcast.CRUDPractice.GetSignleProject" time="8.842" errors="0" timestamp="2021-05-25T12:24:53 IST" skipped="0">
  <testcase classname="com.comcast.CRUDPractice.GetSignleProject" name="getSignleProjectTest" time="8.842"/>
  <system-out/>
</testsuite> <!-- com.comcast.CRUDPractice.GetSignleProject -->
