<?xml version="1.0" encoding="UTF-8"?>
<!-- Generated by org.testng.reporters.JUnitReportReporter -->
<testsuite hostname="hp-pc" failures="0" tests="1" name="com.comcast.RMGYTests.Oath2" time="8.366" errors="0" timestamp="2021-05-26T16:25:59 IST" skipped="0">
  <testcase classname="com.comcast.RMGYTests.Oath2" name="oath2test" time="8.366"/>
  <system-out/>
</testsuite> <!-- com.comcast.RMGYTests.Oath2 -->
