<?xml version="1.0" encoding="UTF-8"?>
<!-- Generated by org.testng.reporters.JUnitReportReporter -->
<testsuite hostname="hp-pc" failures="0" tests="1" name="com.comcast.RMGYTests.ValidateComplexDynamicResponse" time="12.144" errors="0" timestamp="2021-05-27T11:29:05 IST" skipped="0">
  <testcase classname="com.comcast.RMGYTests.ValidateComplexDynamicResponse" name="validateComplexDynamicResponseTest" time="12.144"/>
  <system-out/>
</testsuite> <!-- com.comcast.RMGYTests.ValidateComplexDynamicResponse -->
