<?xml version="1.0" encoding="UTF-8"?>
<!-- Generated by org.testng.reporters.JUnitReportReporter -->
<testsuite hostname="hp-pc" failures="0" tests="1" name="com.comcast.CRUDPractice.CreateProjectUsingHashMap" time="12.576" errors="0" timestamp="2021-05-26T11:03:59 IST" skipped="0">
  <testcase classname="com.comcast.CRUDPractice.CreateProjectUsingHashMap" name="createProjectWithHashMapTest" time="12.576"/>
  <system-out/>
</testsuite> <!-- com.comcast.CRUDPractice.CreateProjectUsingHashMap -->
