<?xml version="1.0" encoding="UTF-8"?>
<!-- Generated by org.testng.reporters.JUnitReportReporter -->
<testsuite hostname="hp-pc" failures="0" tests="1" name="com.comcast.CRUDPractice.GetAllProjects" time="10.652" errors="0" timestamp="2021-05-27T10:48:06 IST" skipped="0">
  <testcase classname="com.comcast.CRUDPractice.GetAllProjects" name="getAllProjectsTest" time="10.652"/>
  <system-out/>
</testsuite> <!-- com.comcast.CRUDPractice.GetAllProjects -->
