<?xml version="1.0" encoding="UTF-8"?>
<!-- Generated by org.testng.reporters.JUnitReportReporter -->
<testsuite hostname="hp-pc" failures="0" tests="1" name="com.comcast.CRUDPractice.GetAllProjects" time="9.156" errors="0" timestamp="2021-05-25T12:19:38 IST" skipped="0">
  <testcase classname="com.comcast.CRUDPractice.GetAllProjects" name="getAllProjectsTest" time="9.156"/>
  <system-out/>
</testsuite> <!-- com.comcast.CRUDPractice.GetAllProjects -->
