<?xml version="1.0" encoding="UTF-8"?>
<!-- Generated by org.testng.reporters.JUnitReportReporter -->
<testsuite hostname="hp-pc" failures="0" tests="1" name="com.comcast.CRUDPractice.CreateProjectWithJSONFile" time="11.366" errors="0" timestamp="2021-05-26T11:25:39 IST" skipped="0">
  <testcase classname="com.comcast.CRUDPractice.CreateProjectWithJSONFile" name="createProjectwithJSONFileTest" time="11.366"/>
  <system-out/>
</testsuite> <!-- com.comcast.CRUDPractice.CreateProjectWithJSONFile -->
