<?xml version="1.0" encoding="UTF-8"?>
<!-- Generated by org.testng.reporters.JUnitReportReporter -->
<testsuite hostname="hp-pc" failures="0" tests="1" name="com.comcast.CRUDPractice.CreatePrpjectWithBDD" time="11.080" errors="0" timestamp="2021-05-25T12:50:47 IST" skipped="0">
  <testcase classname="com.comcast.CRUDPractice.CreatePrpjectWithBDD" name="createProjectWithBDDTest" time="11.080"/>
  <system-out/>
</testsuite> <!-- com.comcast.CRUDPractice.CreatePrpjectWithBDD -->
